Determining if the pthread_create exist failed with the following output:
Change Dir: /mnt/c/Users/Alexandre Zajac/Desktop/Programmation/Training/CS014/assignements/assignement_2/CMakeFiles/CMakeTmp

Run Build Command:"/usr/bin/make" "cmTC_d78b1/fast"
/usr/bin/make -f CMakeFiles/cmTC_d78b1.dir/build.make CMakeFiles/cmTC_d78b1.dir/build
make[1]: Entering directory '/mnt/c/Users/Alexandre Zajac/Desktop/Programmation/Training/CS014/assignements/assignement_2/CMakeFiles/CMakeTmp'
Building C object CMakeFiles/cmTC_d78b1.dir/CheckSymbolExists.c.o
/usr/bin/cc    -o CMakeFiles/cmTC_d78b1.dir/CheckSymbolExists.c.o   -c "/mnt/c/Users/Alexandre Zajac/Desktop/Programmation/Training/CS014/assignements/assignement_2/CMakeFiles/CMakeTmp/CheckSymbolExists.c"
Linking C executable cmTC_d78b1
/usr/bin/cmake -E cmake_link_script CMakeFiles/cmTC_d78b1.dir/link.txt --verbose=1
/usr/bin/cc      -rdynamic CMakeFiles/cmTC_d78b1.dir/CheckSymbolExists.c.o  -o cmTC_d78b1 
CMakeFiles/cmTC_d78b1.dir/CheckSymbolExists.c.o: In function `main':
CheckSymbolExists.c:(.text+0x1b): undefined reference to `pthread_create'
collect2: error: ld returned 1 exit status
CMakeFiles/cmTC_d78b1.dir/build.make:97: recipe for target 'cmTC_d78b1' failed
make[1]: *** [cmTC_d78b1] Error 1
make[1]: Leaving directory '/mnt/c/Users/Alexandre Zajac/Desktop/Programmation/Training/CS014/assignements/assignement_2/CMakeFiles/CMakeTmp'
Makefile:126: recipe for target 'cmTC_d78b1/fast' failed
make: *** [cmTC_d78b1/fast] Error 2

File /mnt/c/Users/Alexandre Zajac/Desktop/Programmation/Training/CS014/assignements/assignement_2/CMakeFiles/CMakeTmp/CheckSymbolExists.c:
/* */
#include <pthread.h>

int main(int argc, char** argv)
{
  (void)argv;
#ifndef pthread_create
  return ((int*)(&pthread_create))[argc];
#else
  (void)argc;
  return 0;
#endif
}

Determining if the function pthread_create exists in the pthreads failed with the following output:
Change Dir: /mnt/c/Users/Alexandre Zajac/Desktop/Programmation/Training/CS014/assignements/assignement_2/CMakeFiles/CMakeTmp

Run Build Command:"/usr/bin/make" "cmTC_1970d/fast"
/usr/bin/make -f CMakeFiles/cmTC_1970d.dir/build.make CMakeFiles/cmTC_1970d.dir/build
make[1]: Entering directory '/mnt/c/Users/Alexandre Zajac/Desktop/Programmation/Training/CS014/assignements/assignement_2/CMakeFiles/CMakeTmp'
Building C object CMakeFiles/cmTC_1970d.dir/CheckFunctionExists.c.o
/usr/bin/cc   -DCHECK_FUNCTION_EXISTS=pthread_create   -o CMakeFiles/cmTC_1970d.dir/CheckFunctionExists.c.o   -c /usr/share/cmake-3.10/Modules/CheckFunctionExists.c
Linking C executable cmTC_1970d
/usr/bin/cmake -E cmake_link_script CMakeFiles/cmTC_1970d.dir/link.txt --verbose=1
/usr/bin/cc  -DCHECK_FUNCTION_EXISTS=pthread_create    -rdynamic CMakeFiles/cmTC_1970d.dir/CheckFunctionExists.c.o  -o cmTC_1970d -lpthreads 
/usr/bin/ld: cannot find -lpthreads
collect2: error: ld returned 1 exit status
CMakeFiles/cmTC_1970d.dir/build.make:97: recipe for target 'cmTC_1970d' failed
make[1]: *** [cmTC_1970d] Error 1
make[1]: Leaving directory '/mnt/c/Users/Alexandre Zajac/Desktop/Programmation/Training/CS014/assignements/assignement_2/CMakeFiles/CMakeTmp'
Makefile:126: recipe for target 'cmTC_1970d/fast' failed
make: *** [cmTC_1970d/fast] Error 2


Determining if the pthread_create exist failed with the following output:
Change Dir: /mnt/c/Users/Med/Documents/Cours/A4/Data/CS014_assignements/assignement_3/CMakeFiles/CMakeTmp

Run Build Command:"/usr/bin/make" "cmTC_4b23d/fast"
/usr/bin/make -f CMakeFiles/cmTC_4b23d.dir/build.make CMakeFiles/cmTC_4b23d.dir/build
make[1]: Entering directory '/mnt/c/Users/Med/Documents/Cours/A4/Data/CS014_assignements/assignement_3/CMakeFiles/CMakeTmp'
Building C object CMakeFiles/cmTC_4b23d.dir/CheckSymbolExists.c.o
/usr/bin/cc    -o CMakeFiles/cmTC_4b23d.dir/CheckSymbolExists.c.o   -c /mnt/c/Users/Med/Documents/Cours/A4/Data/CS014_assignements/assignement_3/CMakeFiles/CMakeTmp/CheckSymbolExists.c
Linking C executable cmTC_4b23d
/usr/bin/cmake -E cmake_link_script CMakeFiles/cmTC_4b23d.dir/link.txt --verbose=1
/usr/bin/cc      -rdynamic CMakeFiles/cmTC_4b23d.dir/CheckSymbolExists.c.o  -o cmTC_4b23d 
CMakeFiles/cmTC_4b23d.dir/CheckSymbolExists.c.o: In function `main':
CheckSymbolExists.c:(.text+0x1b): undefined reference to `pthread_create'
collect2: error: ld returned 1 exit status
CMakeFiles/cmTC_4b23d.dir/build.make:97: recipe for target 'cmTC_4b23d' failed
make[1]: *** [cmTC_4b23d] Error 1
make[1]: Leaving directory '/mnt/c/Users/Med/Documents/Cours/A4/Data/CS014_assignements/assignement_3/CMakeFiles/CMakeTmp'
Makefile:126: recipe for target 'cmTC_4b23d/fast' failed
make: *** [cmTC_4b23d/fast] Error 2

File /mnt/c/Users/Med/Documents/Cours/A4/Data/CS014_assignements/assignement_3/CMakeFiles/CMakeTmp/CheckSymbolExists.c:
/* */
#include <pthread.h>

int main(int argc, char** argv)
{
  (void)argv;
#ifndef pthread_create
  return ((int*)(&pthread_create))[argc];
#else
  (void)argc;
  return 0;
#endif
}

Determining if the function pthread_create exists in the pthreads failed with the following output:
Change Dir: /mnt/c/Users/Med/Documents/Cours/A4/Data/CS014_assignements/assignement_3/CMakeFiles/CMakeTmp

Run Build Command:"/usr/bin/make" "cmTC_44316/fast"
/usr/bin/make -f CMakeFiles/cmTC_44316.dir/build.make CMakeFiles/cmTC_44316.dir/build
make[1]: Entering directory '/mnt/c/Users/Med/Documents/Cours/A4/Data/CS014_assignements/assignement_3/CMakeFiles/CMakeTmp'
Building C object CMakeFiles/cmTC_44316.dir/CheckFunctionExists.c.o
/usr/bin/cc   -DCHECK_FUNCTION_EXISTS=pthread_create   -o CMakeFiles/cmTC_44316.dir/CheckFunctionExists.c.o   -c /usr/share/cmake-3.10/Modules/CheckFunctionExists.c
Linking C executable cmTC_44316
/usr/bin/cmake -E cmake_link_script CMakeFiles/cmTC_44316.dir/link.txt --verbose=1
/usr/bin/cc  -DCHECK_FUNCTION_EXISTS=pthread_create    -rdynamic CMakeFiles/cmTC_44316.dir/CheckFunctionExists.c.o  -o cmTC_44316 -lpthreads 
/usr/bin/ld: cannot find -lpthreads
collect2: error: ld returned 1 exit status
CMakeFiles/cmTC_44316.dir/build.make:97: recipe for target 'cmTC_44316' failed
make[1]: *** [cmTC_44316] Error 1
make[1]: Leaving directory '/mnt/c/Users/Med/Documents/Cours/A4/Data/CS014_assignements/assignement_3/CMakeFiles/CMakeTmp'
Makefile:126: recipe for target 'cmTC_44316/fast' failed
make: *** [cmTC_44316/fast] Error 2


Determining if the pthread_create exist failed with the following output:
Change Dir: /mnt/c/Users/Med/Documents/Cours/A4/Data/CS014_assignements/assignement_3/CMakeFiles/CMakeTmp

Run Build Command:"/usr/bin/make" "cmTC_62889/fast"
/usr/bin/make -f CMakeFiles/cmTC_62889.dir/build.make CMakeFiles/cmTC_62889.dir/build
make[1]: Entering directory '/mnt/c/Users/Med/Documents/Cours/A4/Data/CS014_assignements/assignement_3/CMakeFiles/CMakeTmp'
Building C object CMakeFiles/cmTC_62889.dir/CheckSymbolExists.c.o
/usr/bin/cc    -o CMakeFiles/cmTC_62889.dir/CheckSymbolExists.c.o   -c /mnt/c/Users/Med/Documents/Cours/A4/Data/CS014_assignements/assignement_3/CMakeFiles/CMakeTmp/CheckSymbolExists.c
Linking C executable cmTC_62889
/usr/bin/cmake -E cmake_link_script CMakeFiles/cmTC_62889.dir/link.txt --verbose=1
/usr/bin/cc      -rdynamic CMakeFiles/cmTC_62889.dir/CheckSymbolExists.c.o  -o cmTC_62889 
CMakeFiles/cmTC_62889.dir/CheckSymbolExists.c.o: In function `main':
CheckSymbolExists.c:(.text+0x1b): undefined reference to `pthread_create'
collect2: error: ld returned 1 exit status
CMakeFiles/cmTC_62889.dir/build.make:97: recipe for target 'cmTC_62889' failed
make[1]: *** [cmTC_62889] Error 1
make[1]: Leaving directory '/mnt/c/Users/Med/Documents/Cours/A4/Data/CS014_assignements/assignement_3/CMakeFiles/CMakeTmp'
Makefile:126: recipe for target 'cmTC_62889/fast' failed
make: *** [cmTC_62889/fast] Error 2

File /mnt/c/Users/Med/Documents/Cours/A4/Data/CS014_assignements/assignement_3/CMakeFiles/CMakeTmp/CheckSymbolExists.c:
/* */
#include <pthread.h>

int main(int argc, char** argv)
{
  (void)argv;
#ifndef pthread_create
  return ((int*)(&pthread_create))[argc];
#else
  (void)argc;
  return 0;
#endif
}

Determining if the function pthread_create exists in the pthreads failed with the following output:
Change Dir: /mnt/c/Users/Med/Documents/Cours/A4/Data/CS014_assignements/assignement_3/CMakeFiles/CMakeTmp

Run Build Command:"/usr/bin/make" "cmTC_95b4e/fast"
/usr/bin/make -f CMakeFiles/cmTC_95b4e.dir/build.make CMakeFiles/cmTC_95b4e.dir/build
make[1]: Entering directory '/mnt/c/Users/Med/Documents/Cours/A4/Data/CS014_assignements/assignement_3/CMakeFiles/CMakeTmp'
Building C object CMakeFiles/cmTC_95b4e.dir/CheckFunctionExists.c.o
/usr/bin/cc   -DCHECK_FUNCTION_EXISTS=pthread_create   -o CMakeFiles/cmTC_95b4e.dir/CheckFunctionExists.c.o   -c /usr/share/cmake-3.10/Modules/CheckFunctionExists.c
Linking C executable cmTC_95b4e
/usr/bin/cmake -E cmake_link_script CMakeFiles/cmTC_95b4e.dir/link.txt --verbose=1
/usr/bin/cc  -DCHECK_FUNCTION_EXISTS=pthread_create    -rdynamic CMakeFiles/cmTC_95b4e.dir/CheckFunctionExists.c.o  -o cmTC_95b4e -lpthreads 
/usr/bin/ld: cannot find -lpthreads
collect2: error: ld returned 1 exit status
CMakeFiles/cmTC_95b4e.dir/build.make:97: recipe for target 'cmTC_95b4e' failed
make[1]: *** [cmTC_95b4e] Error 1
make[1]: Leaving directory '/mnt/c/Users/Med/Documents/Cours/A4/Data/CS014_assignements/assignement_3/CMakeFiles/CMakeTmp'
Makefile:126: recipe for target 'cmTC_95b4e/fast' failed
make: *** [cmTC_95b4e/fast] Error 2


